<?xml version="1.0" encoding="UTF-8"?>
<testsuite xmlns:xsi="http://www.w3.org/2001/XMLSchema-instance" xsi:noNamespaceSchemaLocation="https://maven.apache.org/surefire/maven-surefire-plugin/xsd/surefire-test-report-3.0.xsd" version="3.0" name="kalkulator.CalculatorTest" time="0.058" tests="8" errors="0" skipped="0" failures="0">
  <properties>
[...]
</properties>
  <testcase name="testDel" classname="kalkulator.CalculatorTest" time="0.002"/>
  <testcase name="testAddMaxValue" classname="kalkulator.CalculatorTest" time="0.003">
    <system-out><![CDATA[Przekroczono zakres!
]]></system-out>
  </testcase>
  <testcase name="testClear" classname="kalkulator.CalculatorTest" time="0.0"/>
  <testcase name="testMultiplyByZero" classname="kalkulator.CalculatorTest" time="0.0"/>
  <testcase name="testMinusMinValue" classname="kalkulator.CalculatorTest" time="0.001">
    <system-out><![CDATA[Przekroczono zakres!
]]></system-out>
  </testcase>
  <testcase name="testAddOne" classname="kalkulator.CalculatorTest" time="0.0"/>
  <testcase name="testMultOneByTwo" classname="kalkulator.CalculatorTest" time="0.0"/>
  <testcase name="testDeleZero" classname="kalkulator.CalculatorTest" time="0.002">
    <system-out><![CDATA[Nie moЕјna dzieliД‡ przez zero!
]]></system-out>
  </testcase>
</testsuite>